\BOOKMARK [0][-]{chapter*.1}{\376\377\000R\000e\000m\000e\000r\000c\000i\000e\000m\000e\000n\000t\000s}{}% 1
\BOOKMARK [0][-]{chapter.1}{\376\377\000I\000n\000t\000r\000o\000d\000u\000c\000t\000i\000o\000n}{}% 2
\BOOKMARK [1][-]{section.1.1}{\376\377\000C\000o\000n\000t\000e\000x\000t\000e\000\040\000d\000u\000\040\000s\000t\000a\000g\000e}{chapter.1}% 3
\BOOKMARK [1][-]{section.1.2}{\376\377\000O\000b\000j\000e\000c\000t\000i\000f\000s\000\040\000d\000u\000\040\000r\000a\000p\000p\000o\000r\000t}{chapter.1}% 4
\BOOKMARK [0][-]{chapter.2}{\376\377\000P\000r\000\351\000s\000e\000n\000t\000a\000t\000i\000o\000n\000\040\000d\000e\000\040\000l\000'\000e\000n\000t\000r\000e\000p\000r\000i\000s\000e}{}% 5
\BOOKMARK [1][-]{section.2.1}{\376\377\000H\000i\000s\000t\000o\000r\000i\000q\000u\000e\000\040\000e\000t\000\040\000a\000c\000t\000i\000v\000i\000t\000\351\000s}{chapter.2}% 6
\BOOKMARK [1][-]{section.2.2}{\376\377\000O\000r\000g\000a\000n\000i\000s\000a\000t\000i\000o\000n\000\040\000e\000t\000\040\000\351\000q\000u\000i\000p\000e}{chapter.2}% 7
\BOOKMARK [1][-]{section.2.3}{\376\377\000V\000a\000l\000e\000u\000r\000s\000\040\000e\000t\000\040\000v\000i\000s\000i\000o\000n}{chapter.2}% 8
\BOOKMARK [0][-]{chapter.3}{\376\377\000P\000r\000\351\000s\000e\000n\000t\000a\000t\000i\000o\000n\000\040\000d\000e\000\040\000l\000a\000\040\000m\000i\000s\000s\000i\000o\000n}{}% 9
\BOOKMARK [1][-]{section.3.1}{\376\377\000C\000o\000n\000t\000e\000x\000t\000e\000\040\000d\000e\000\040\000l\000a\000\040\000m\000i\000s\000s\000i\000o\000n}{chapter.3}% 10
\BOOKMARK [1][-]{section.3.2}{\376\377\000E\000n\000j\000e\000u\000x\000\040\000e\000t\000\040\000o\000b\000j\000e\000c\000t\000i\000f\000s}{chapter.3}% 11
\BOOKMARK [0][-]{chapter.4}{\376\377\000E\000n\000v\000i\000r\000o\000n\000n\000e\000m\000e\000n\000t\000\040\000t\000e\000c\000h\000n\000i\000q\000u\000e}{}% 12
\BOOKMARK [1][-]{section.4.1}{\376\377\000T\000e\000c\000h\000n\000o\000l\000o\000g\000i\000e\000s\000\040\000u\000t\000i\000l\000i\000s\000\351\000e\000s}{chapter.4}% 13
\BOOKMARK [1][-]{section.4.2}{\376\377\000O\000u\000t\000i\000l\000s\000\040\000d\000e\000\040\000d\000\351\000v\000e\000l\000o\000p\000p\000e\000m\000e\000n\000t}{chapter.4}% 14
\BOOKMARK [1][-]{section.4.3}{\376\377\000C\000o\000n\000t\000r\000a\000i\000n\000t\000e\000s\000\040\000t\000e\000c\000h\000n\000i\000q\000u\000e\000s}{chapter.4}% 15
\BOOKMARK [0][-]{chapter.5}{\376\377\000V\000e\000i\000l\000l\000e\000\040\000t\000e\000c\000h\000n\000o\000l\000o\000g\000i\000q\000u\000e}{}% 16
\BOOKMARK [1][-]{section.5.1}{\376\377\000S\000u\000j\000e\000t\000s\000\040\000e\000x\000p\000l\000o\000r\000\351\000s}{chapter.5}% 17
\BOOKMARK [1][-]{section.5.2}{\376\377\000O\000u\000t\000i\000l\000s\000\040\000d\000e\000\040\000v\000e\000i\000l\000l\000e}{chapter.5}% 18
\BOOKMARK [1][-]{section.5.3}{\376\377\000I\000n\000t\000\351\000g\000r\000a\000t\000i\000o\000n\000\040\000d\000a\000n\000s\000\040\000l\000a\000\040\000m\000i\000s\000s\000i\000o\000n}{chapter.5}% 19
\BOOKMARK [0][-]{chapter.6}{\376\377\000M\000i\000s\000s\000i\000o\000n\000s\000\040\000r\000\351\000a\000l\000i\000s\000\351\000e\000s}{}% 20
\BOOKMARK [1][-]{section.6.1}{\376\377\000T\000\342\000c\000h\000e\000s\000\040\000e\000f\000f\000e\000c\000t\000u\000\351\000e\000s}{chapter.6}% 21
\BOOKMARK [1][-]{section.6.2}{\376\377\000M\000\351\000t\000h\000o\000d\000o\000l\000o\000g\000i\000e}{chapter.6}% 22
\BOOKMARK [1][-]{section.6.3}{\376\377\000D\000i\000f\000f\000i\000c\000u\000l\000t\000\351\000s\000\040\000r\000e\000n\000c\000o\000n\000t\000r\000\351\000e\000s}{chapter.6}% 23
\BOOKMARK [0][-]{chapter.7}{\376\377\000R\000\351\000s\000u\000l\000t\000a\000t\000s\000\040\000e\000t\000\040\000c\000o\000m\000p\000\351\000t\000e\000n\000c\000e\000s\000\040\000d\000\351\000v\000e\000l\000o\000p\000p\000\351\000e\000s}{}% 24
\BOOKMARK [1][-]{section.7.1}{\376\377\000R\000\351\000s\000u\000l\000t\000a\000t\000s\000\040\000o\000b\000t\000e\000n\000u\000s}{chapter.7}% 25
\BOOKMARK [1][-]{section.7.2}{\376\377\000C\000o\000m\000p\000\351\000t\000e\000n\000c\000e\000s\000\040\000t\000e\000c\000h\000n\000i\000q\000u\000e\000s}{chapter.7}% 26
\BOOKMARK [1][-]{section.7.3}{\376\377\000C\000o\000m\000p\000\351\000t\000e\000n\000c\000e\000s\000\040\000t\000r\000a\000n\000s\000v\000e\000r\000s\000a\000l\000e\000s}{chapter.7}% 27
\BOOKMARK [0][-]{chapter.8}{\376\377\000C\000o\000n\000c\000l\000u\000s\000i\000o\000n}{}% 28
\BOOKMARK [1][-]{section.8.1}{\376\377\000B\000i\000l\000a\000n\000\040\000d\000u\000\040\000s\000t\000a\000g\000e}{chapter.8}% 29
\BOOKMARK [1][-]{section.8.2}{\376\377\000P\000e\000r\000s\000p\000e\000c\000t\000i\000v\000e\000s}{chapter.8}% 30
\BOOKMARK [0][-]{appendix.A}{\376\377\000A\000n\000n\000e\000x\000e\000s}{}% 31
